<?xml version="1.0" encoding="UTF-8"?>
<!-- Generated by org.testng.reporters.JUnitXMLReporter -->
<testsuite hostname="DESKTOP-1F17QBA" ignored="0" name="Surefire test" tests="3" failures="0" timestamp="2022-01-15T14:58:24 GMT" time="25.143" errors="0">
  <testcase name="userIsAbleToNavigateToTheDesktopPage" time="2.587" classname="org.example.TestSuit"/>
  <testcase name="userShouldBeAbleToReferAProductToAFriend" time="8.278" classname="org.example.TestSuit"/>
  <testcase name="verifyUserShouldBeRegisteredSuccessfully" time="2.162" classname="org.example.TestSuit"/>
</testsuite> <!-- Surefire test -->
